<?xml version="1.0" encoding="UTF-8"?>
<!-- Generated by org.testng.reporters.JUnitReportReporter -->
<testsuite skipped="0" hostname="Mohamed-Ossama" name="Registeration" tests="1" failures="0" timestamp="01 Apr 2018 14:11:02 GMT" time="20.447" errors="0">
  <testcase name="N_Try_to_input_wrong_mobile_number" time="20.447" classname="Registeration"/>
</testsuite> <!-- Registeration -->
