<?xml version="1.0" encoding="UTF-8"?>
<!-- Generated by org.testng.reporters.JUnitReportReporter -->
<testsuite skipped="0" hostname="Mohamed-Ossama" name="base" tests="1" failures="0" timestamp="06 Feb 2018 13:13:19 GMT" time="39.780" errors="0">
  <testcase name="dependencies" time="39.780" classname="base"/>
</testsuite> <!-- base -->
